{"/Users/ppichier/code/red-tetris/src/client/components/Home.jsx": {"path":"/Users/ppichier/code/red-tetris/src/client/components/Home.jsx","statementMap":{"0":{"start":{"line":5,"column":15},"end":{"line":5,"column":17}},"1":{"start":{"line":6,"column":17},"end":{"line":6,"column":19}},"2":{"start":{"line":7,"column":10},"end":{"line":7,"column":12}},"3":{"start":{"line":10,"column":20},"end":{"line":12,"column":1}},"4":{"start":{"line":11,"column":2},"end":{"line":11,"column":32}},"5":{"start":{"line":14,"column":22},"end":{"line":16,"column":1}},"6":{"start":{"line":15,"column":2},"end":{"line":15,"column":34}},"7":{"start":{"line":19,"column":17},"end":{"line":25,"column":1}},"8":{"start":{"line":23,"column":2},"end":{"line":24,"column":52}},"9":{"start":{"line":23,"column":52},"end":{"line":23,"column":79}},"10":{"start":{"line":24,"column":7},"end":{"line":24,"column":52}},"11":{"start":{"line":27,"column":15},"end":{"line":37,"column":2}},"12":{"start":{"line":28,"column":2},"end":{"line":36,"column":11}},"13":{"start":{"line":32,"column":6},"end":{"line":32,"column":24}},"14":{"start":{"line":39,"column":13},"end":{"line":74,"column":1}},"15":{"start":{"line":40,"column":2},"end":{"line":73,"column":4}},"16":{"start":{"line":54,"column":27},"end":{"line":54,"column":41}},"17":{"start":{"line":67,"column":27},"end":{"line":67,"column":43}}},"fnMap":{"0":{"name":"(anonymous_0)","decl":{"start":{"line":10,"column":20},"end":{"line":10,"column":21}},"loc":{"start":{"line":10,"column":29},"end":{"line":12,"column":1}},"line":10},"1":{"name":"(anonymous_1)","decl":{"start":{"line":14,"column":22},"end":{"line":14,"column":23}},"loc":{"start":{"line":14,"column":31},"end":{"line":16,"column":1}},"line":14},"2":{"name":"(anonymous_2)","decl":{"start":{"line":19,"column":17},"end":{"line":19,"column":18}},"loc":{"start":{"line":19,"column":28},"end":{"line":25,"column":1}},"line":19},"3":{"name":"(anonymous_3)","decl":{"start":{"line":27,"column":26},"end":{"line":27,"column":27}},"loc":{"start":{"line":28,"column":2},"end":{"line":36,"column":11}},"line":28},"4":{"name":"(anonymous_4)","decl":{"start":{"line":31,"column":13},"end":{"line":31,"column":14}},"loc":{"start":{"line":31,"column":19},"end":{"line":33,"column":5}},"line":31},"5":{"name":"(anonymous_5)","decl":{"start":{"line":39,"column":13},"end":{"line":39,"column":14}},"loc":{"start":{"line":39,"column":19},"end":{"line":74,"column":1}},"line":39},"6":{"name":"(anonymous_6)","decl":{"start":{"line":54,"column":22},"end":{"line":54,"column":23}},"loc":{"start":{"line":54,"column":27},"end":{"line":54,"column":41}},"line":54},"7":{"name":"(anonymous_7)","decl":{"start":{"line":67,"column":22},"end":{"line":67,"column":23}},"loc":{"start":{"line":67,"column":27},"end":{"line":67,"column":43}},"line":67}},"branchMap":{"0":{"loc":{"start":{"line":23,"column":2},"end":{"line":24,"column":52}},"type":"if","locations":[{"start":{"line":23,"column":2},"end":{"line":24,"column":52}},{"start":{"line":23,"column":2},"end":{"line":24,"column":52}}],"line":23},"1":{"loc":{"start":{"line":23,"column":6},"end":{"line":23,"column":50}},"type":"binary-expr","locations":[{"start":{"line":23,"column":6},"end":{"line":23,"column":25}},{"start":{"line":23,"column":29},"end":{"line":23,"column":50}}],"line":23}},"s":{"0":0,"1":0,"2":0,"3":0,"4":0,"5":0,"6":0,"7":0,"8":0,"9":0,"10":0,"11":0,"12":0,"13":0,"14":0,"15":0,"16":0,"17":0},"f":{"0":0,"1":0,"2":0,"3":0,"4":0,"5":0,"6":0,"7":0},"b":{"0":[0,0],"1":[0,0]},"hash":"5b714b904f4a154098c5d726c688236a0b2ed380"}
}
